0 1.2070748805999756
100 38.48483228683472
200 38.49863600730896
300 38.48135280609131
400 38.471442222595215
500 38.45467948913574
600 38.455806255340576
700 38.445963859558105
800 38.41843032836914
900 38.3979914188385
1000 38.4141526222229
1100 38.42138981819153
1200 38.3869149684906
1300 38.367918729782104
1400 38.35632133483887
1500 38.332751989364624
1600 38.32457518577576
1700 38.33134150505066
1800 38.33731532096863
1900 38.33147644996643
2000 38.32447123527527
2100 38.34082627296448
2200 38.3460795879364
2300 38.35669827461243
2400 38.37984848022461
2500 38.349799394607544
2600 38.33059787750244
2700 38.36027812957764
2800 38.37025046348572
2900 38.370726346969604
3000 38.38883018493652
3100 38.38050937652588
3200 38.374327421188354
3300 38.38731074333191
3400 38.349161863327026
3500 38.35067343711853
3600 38.35263419151306
3700 38.35160040855408
3800 38.35890436172485
3900 38.352412700653076
4000 38.34243440628052
4100 38.32738494873047
4200 38.34748888015747
4300 38.33228802680969
4400 38.36431908607483
4500 38.33369755744934
4600 38.33966541290283
4700 38.34085988998413
4800 38.342172384262085
4900 38.32828402519226
5000 38.35686540603638
5100 38.3418345451355
5200 38.348920822143555
5300 38.38658022880554
5400 38.36176896095276
5500 38.357935428619385
5600 38.339216232299805
5700 38.34329080581665
5800 38.37213635444641
5900 38.34016489982605
6000 38.339956760406494
6100 38.365750551223755
6200 38.3413724899292
6300 38.350324869155884
6400 38.35378074645996
6500 38.35334658622742
6600 38.353965759277344
6700 38.34772181510925
6800 38.35521578788757
6900 38.352579832077026
7000 38.348673820495605
7100 38.34248185157776
7200 38.356059312820435
7300 38.34559440612793
7400 38.334516763687134
7500 38.35100555419922
7600 38.34919571876526
7700 38.35396647453308
7800 38.33616352081299
7900 38.32399034500122
8000 38.347224950790405
8100 38.331828594207764
8200 38.34201407432556
8300 38.33534026145935
8400 38.32231330871582
8500 38.332852602005005
8600 38.34062385559082
8700 38.3383309841156
8800 38.3318989276886
8900 38.33463478088379
9000 38.33898091316223
9100 38.36198878288269
9200 38.34019994735718
9300 38.33065962791443
9400 38.329843282699585
9500 38.347387075424194
9600 38.353955030441284
9700 38.3527410030365
9800 38.38829708099365
9900 38.45460557937622
