0 2.261526346206665
100 41.18450140953064
200 39.181596755981445
300 38.99676704406738
400 38.80178713798523
500 38.808979988098145
600 38.79476046562195
700 38.76878476142883
800 38.82995271682739
900 38.78492975234985
1000 38.790411710739136
1100 40.98819160461426
1200 38.811511278152466
1300 38.961870193481445
1400 38.78974151611328
1500 38.79106402397156
1600 38.77560353279114
1700 38.794244050979614
1800 38.7825129032135
1900 38.806018590927124
2000 38.79944157600403
2100 39.904826641082764
2200 40.10403370857239
2300 41.50070357322693
2400 38.78339123725891
2500 38.779160499572754
2600 38.789889097213745
2700 38.81694459915161
2800 38.83617424964905
2900 38.81256628036499
3000 38.82631731033325
3100 38.78721594810486
3200 38.74302625656128
3300 38.735105991363525
3400 38.72595930099487
3500 38.718642473220825
3600 38.72714686393738
3700 38.738569259643555
3800 38.730775117874146
3900 38.73841428756714
4000 38.773218870162964
4100 38.71042776107788
4200 38.98259687423706
4300 41.89275026321411
4400 41.09766983985901
4500 38.71753406524658
4600 38.711705923080444
4700 38.7179114818573
4800 38.7232825756073
4900 38.7450270652771
5000 38.7320830821991
5100 39.49798059463501
5200 41.7602162361145
5300 39.39914345741272
5400 38.73392128944397
5500 38.71939706802368
5600 38.71994161605835
5700 38.70880055427551
5800 38.703124046325684
5900 38.711209535598755
6000 38.716230154037476
6100 38.723156452178955
6200 38.703912019729614
6300 38.74556541442871
6400 38.737895011901855
6500 38.731619119644165
6600 38.72411847114563
6700 38.7210636138916
6800 38.74985957145691
6900 38.73661231994629
7000 38.73086357116699
7100 38.74548292160034
7200 38.733065366744995
7300 38.73787498474121
7400 38.725467681884766
7500 38.735554933547974
7600 38.74456167221069
7700 38.73513698577881
7800 39.04686641693115
7900 40.71275091171265
8000 38.73614740371704
8100 38.72649574279785
8200 38.74234938621521
8300 39.18392086029053
8400 41.84971857070923
8500 40.957319259643555
8600 38.73078799247742
8700 38.75620698928833
8800 38.71808338165283
8900 38.731998920440674
9000 38.73889493942261
9100 38.72055721282959
9200 38.703503370285034
9300 38.70786809921265
9400 38.722450733184814
9500 38.72531175613403
9600 38.70703482627869
9700 38.717711448669434
9800 41.13298320770264
9900 38.74259805679321
