0 15.03242039680481
100 760.744809627533
200 759.3194336891174
300 758.9035496711731
400 758.4469501972198
500 759.1683778762817
600 759.0923700332642
700 759.0564877986908
800 758.5593950748444
900 758.7110171318054
1000 758.8224823474884
1100 758.7692556381226
1200 758.8583629131317
1300 758.2064356803894
1400 758.5501980781555
1500 758.4308431148529
1600 760.2435321807861
1700 759.0635571479797
1800 758.6531329154968
1900 758.6988027095795
2000 759.0096397399902
2100 758.7599668502808
2200 758.8844327926636
2300 759.1212270259857
2400 758.7257559299469
2500 758.8965339660645
2600 758.7535750865936
2700 758.6626470088959
2800 759.0849230289459
2900 758.3378946781158
3000 758.809389591217
3100 759.4692482948303
3200 758.7285482883453
3300 759.0796930789948
3400 758.8604714870453
3500 760.2755205631256
3600 761.1031091213226
3700 761.1174926757812
3800 761.0110113620758
3900 761.0844213962555
4000 760.5634300708771
4100 760.5095310211182
4200 760.2904024124146
4300 759.7206802368164
4400 759.3901689052582
4500 759.4613394737244
4600 759.3636946678162
4700 759.1143519878387
4800 759.000458240509
4900 759.2510771751404
5000 758.8773336410522
5100 759.0401434898376
5200 758.9634692668915
5300 759.4594957828522
5400 759.7237377166748
5500 759.1785275936127
5600 759.1529765129089
5700 759.3342652320862
5800 759.199147939682
5900 758.9482989311218
6000 758.9213151931763
6100 758.8144776821136
6200 758.6920549869537
6300 758.5451574325562
6400 758.791401386261
6500 758.4153745174408
6600 758.7363712787628
6700 758.9693768024445
6800 759.0188961029053
6900 759.1754434108734
7000 759.1431753635406
7100 759.0758950710297
7200 758.9910168647766
7300 759.2257843017578
7400 759.2999181747437
7500 759.3788819313049
7600 759.3702073097229
7700 759.1516005992889
7800 759.2072584629059
7900 759.131270647049
8000 758.7883141040802
8100 759.349570274353
8200 759.0583024024963
8300 758.9384446144104
8400 758.9960799217224
8500 759.1097769737244
8600 758.9238917827606
8700 758.7648453712463
8800 758.6869750022888
8900 758.6051158905029
9000 758.8120224475861
9100 758.9731760025024
9200 758.7475352287292
9300 758.2220976352692
9400 758.6859624385834
9500 759.2064874172211
9600 759.1658873558044
9700 759.0635569095612
9800 758.6827230453491
9900 759.5390536785126
