0 14.561293840408325
100 783.9372634887695
200 783.9658606052399
300 783.9337430000305
400 784.5009891986847
500 784.6358861923218
600 783.6065762042999
700 782.8147382736206
800 791.6282277107239
900 784.6939189434052
1000 785.1657583713531
1100 783.8742341995239
1200 783.3328790664673
1300 785.321103811264
1400 782.9216375350952
1500 784.7308843135834
1600 783.5053434371948
1700 783.3369014263153
1800 783.6323029994965
1900 783.4225797653198
2000 782.5860238075256
2100 783.5302476882935
2200 782.5407481193542
2300 782.5362718105316
2400 783.2267467975616
2500 783.7675678730011
2600 783.063884973526
2700 784.450079202652
2800 785.9223582744598
2900 784.2753865718842
3000 784.0474288463593
3100 783.5284883975983
3200 783.3711330890656
3300 784.364324092865
3400 784.1727645397186
3500 783.8250119686127
3600 783.5114374160767
3700 785.4256529808044
3800 783.914660692215
3900 782.498398065567
4000 783.0556168556213
4100 782.672737121582
4200 783.2899770736694
4300 783.4543170928955
4400 783.4781968593597
4500 783.3037621974945
4600 783.2508659362793
4700 782.5768399238586
4800 783.4611876010895
4900 782.9702332019806
5000 782.5055420398712
5100 782.3052899837494
5200 782.3516955375671
5300 783.0749318599701
5400 782.8379330635071
5500 783.0197005271912
5600 783.7505841255188
5700 783.711995601654
5800 784.1731343269348
5900 782.4430384635925
6000 784.4055352210999
6100 782.2399141788483
6200 783.170606136322
6300 785.4862396717072
6400 782.54487657547
6500 782.4781186580658
6600 782.6297807693481
6700 781.997725725174
6800 782.5321626663208
6900 782.3542060852051
7000 783.4883215427399
7100 783.4595880508423
7200 785.234644651413
7300 782.5544288158417
7400 783.0519261360168
7500 782.6790335178375
7600 783.2193212509155
7700 782.5565695762634
7800 782.8052935600281
7900 782.9693231582642
8000 783.5004775524139
8100 784.0204482078552
8200 782.9891231060028
8300 783.3655230998993
8400 782.8447527885437
8500 782.3459739685059
8600 782.4046716690063
8700 782.5250585079193
8800 782.6917233467102
8900 782.3772671222687
9000 782.6536543369293
9100 783.1890840530396
9200 783.7878394126892
9300 783.9224054813385
9400 782.2882297039032
9500 782.292751789093
9600 783.0771539211273
9700 782.4649858474731
9800 782.9263727664948
9900 782.4733338356018
